C:\DEV\CPP\FRAINT\FRAINT\RELEASE\FRAINT.PCH
C:\DEV\CPP\FRAINT\FRAINT\RELEASE\STDAFX.OBJ
C:\DEV\CPP\FRAINT\FRAINT\RELEASE\VC110.PDB
C:\DEV\CPP\FRAINT\FRAINT\RELEASE\RECTANGLE.OBJ
C:\DEV\CPP\FRAINT\FRAINT\RELEASE\CIRCLE.OBJ
C:\DEV\CPP\FRAINT\FRAINT\RELEASE\CHILDVIEW.OBJ
C:\DEV\CPP\FRAINT\FRAINT\RELEASE\SHAPE.OBJ
C:\DEV\CPP\FRAINT\FRAINT\RELEASE\FRAINT.OBJ
C:\DEV\CPP\FRAINT\FRAINT\RELEASE\MAINFRM.OBJ
C:\DEV\CPP\FRAINT\RELEASE\FRAINT.EXE
C:\DEV\CPP\FRAINT\RELEASE\FRAINT.PDB
C:\DEV\CPP\FRAINT\FRAINT\RELEASE\FRAINT.RES
c:\dev\cpp\fraint\fraint\Release\ChildView.obj
c:\dev\cpp\fraint\fraint\Release\Circle.obj
c:\dev\cpp\fraint\fraint\Release\fraint.obj
c:\dev\cpp\fraint\fraint\Release\MainFrm.obj
c:\dev\cpp\fraint\fraint\Release\Rectangle.obj
c:\dev\cpp\fraint\fraint\Release\Shape.obj
c:\dev\cpp\fraint\fraint\Release\stdafx.obj
c:\dev\cpp\fraint\fraint\Release\cl.command.1.tlog
c:\dev\cpp\fraint\fraint\Release\CL.read.1.tlog
c:\dev\cpp\fraint\fraint\Release\CL.write.1.tlog
c:\dev\cpp\fraint\fraint\Release\link-cvtres.read.1.tlog
c:\dev\cpp\fraint\fraint\Release\link-cvtres.write.1.tlog
c:\dev\cpp\fraint\fraint\Release\link-mt.read.1.tlog
c:\dev\cpp\fraint\fraint\Release\link-mt.write.1.tlog
c:\dev\cpp\fraint\fraint\Release\link-rc.read.1.tlog
c:\dev\cpp\fraint\fraint\Release\link-rc.write.1.tlog
c:\dev\cpp\fraint\fraint\Release\link.command.1.tlog
c:\dev\cpp\fraint\fraint\Release\link.read.1.tlog
c:\dev\cpp\fraint\fraint\Release\link.read.3.tlog
c:\dev\cpp\fraint\fraint\Release\link.write.1.tlog
c:\dev\cpp\fraint\fraint\Release\rc.command.1.tlog
c:\dev\cpp\fraint\fraint\Release\rc.read.1.tlog
c:\dev\cpp\fraint\fraint\Release\rc.write.1.tlog
c:\dev\cpp\fraint\fraint\Release\fraint.res
c:\dev\cpp\fraint\fraint\Release\fraint.pch
c:\dev\cpp\fraint\fraint\Release\vc110.pdb
c:\dev\cpp\fraint\Release\fraint.pdb
c:\dev\cpp\fraint\Release\fraint.exe
