Build started 10-10-2013 19:01:10.
     1>Project "C:\Users\Jim\Desktop\fraint\fraint\fraint.vcxproj" on node 2 (Build target(s)).
     1>ClCompile:
         C:\Program Files (x86)\Microsoft Visual Studio 2012\VC\bin\CL.exe /c /Zi /nologo /W3 /WX- /sdl /O2 /Oi /Oy- /GL /D WIN32 /D _WINDOWS /D NDEBUG /D _UNICODE /D UNICODE /D _AFXDLL /Gm- /EHsc /MD /GS /Gy /fp:precise /Zc:wchar_t /Zc:forScope /Yu"stdafx.h" /Fp"Release\fraint.pch" /Fo"Release\\" /Fd"Release\vc110.pdb" /Gd /TP /analyze- /errorReport:prompt ChildView.cpp Circle.cpp MainFrm.cpp Rectangle.cpp Shape.cpp fraint.cpp
         ChildView.cpp
     1>ChildView.cpp(28): warning C4067: unexpected tokens following preprocessor directive - expected a newline
     1>ChildView.cpp(34): warning C4067: unexpected tokens following preprocessor directive - expected a newline
         Circle.cpp
         MainFrm.cpp
         Rectangle.cpp
         Shape.cpp
     1>Shape.cpp(27): warning C4800: 'BOOL' : forcing value to bool 'true' or 'false' (performance warning)
         fraint.cpp
       Link:
         C:\Program Files (x86)\Microsoft Visual Studio 2012\VC\bin\link.exe /ERRORREPORT:PROMPT /OUT:"C:\Users\Jim\Desktop\fraint\Release\fraint.exe" /INCREMENTAL:NO /NOLOGO /MANIFEST /MANIFESTUAC:"level='asInvoker' uiAccess='false'" /manifest:embed /manifestinput:"C:\Program Files (x86)\Microsoft Visual Studio 2012\VC\Include\Manifest\dpiaware.manifest" /DEBUG /PDB:"C:\Users\Jim\Desktop\fraint\Release\fraint.pdb" /SUBSYSTEM:WINDOWS /OPT:REF /OPT:ICF /LTCG /TLBID:1 /ENTRY:"wWinMainCRTStartup" /DYNAMICBASE /NXCOMPAT /IMPLIB:"C:\Users\Jim\Desktop\fraint\Release\fraint.lib" /MACHINE:X86 /SAFESEH Release\fraint.res
         Release\ChildView.obj
         Release\Circle.obj
         Release\fraint.obj
         Release\MainFrm.obj
         Release\Rectangle.obj
         Release\Shape.obj
         Release\stdafx.obj
         Generating code
         Finished generating code
         fraint.vcxproj -> C:\Users\Jim\Desktop\fraint\Release\fraint.exe
     1>Done Building Project "C:\Users\Jim\Desktop\fraint\fraint\fraint.vcxproj" (Build target(s)).

Build succeeded.

Time Elapsed 00:00:02.53
